/home/hxzh02/Package/Anaconda3/envs/pytorch/bin/python3.7 /media/hxzh02/SB@home/hxzh/Yolov8_Efficient/val.py
val: data=data/coco.yaml, weights=weights/yolov8n.pt, save_json=True, save_hybrid=False, conf=0.001, iou=0.6, max_det=300, half=False, dnn=False, plots=True, batch_size=32, imgsz=640, task=val, device=cpu, workers=8, single_cls=False, augment=False, verbose=False, save_txt=False, save_conf=False, project=runs/val, name=exp, exist_ok=False
YOLOv8 🚀 512c93c Python-3.7.11 torch-1.10.0+cu111 CPU

Ultralytics YOLO 🚀 0.0.59 Python-3.7.11 torch-1.10.0+cu111 CPU
Fusing layers...
YOLOv8n summary: 168 layers, 3151904 parameters, 0 gradients, 8.7 GFLOPs
Forcing --batch-size 1 square inference (1,3,640,640) for non-PyTorch models
val: Scanning /media/hxzh02/SB@home/hxzh/Yolov8_Efficient/datasets/coco/val2017.cache... 4952 images, 48 backgrounds, 0 corrupt: 100%|██████████| 5000/5000 [00:00<?, ?it/s]
                 Class     Images  Instances      Box(P          R      mAP50  mAP50-95): 100%|██████████| 5000/5000 [04:36<00:00, 18.07it/s]
                   all       5000      36335      0.636      0.481      0.528       0.37
                person       5000      10777      0.768      0.682      0.754      0.515
               bicycle       5000        314      0.728      0.418      0.481      0.269
                   car       5000       1918      0.668      0.531      0.577      0.364
            motorcycle       5000        367      0.745       0.58      0.671       0.41
              airplane       5000        143      0.787      0.775      0.847      0.653
                   bus       5000        283      0.729      0.664      0.744      0.622
                 train       5000        190      0.795      0.777      0.838      0.642
                 truck       5000        414      0.523      0.406      0.455        0.3
                  boat       5000        424      0.581       0.31      0.389      0.209
         traffic light       5000        634      0.661       0.36      0.425      0.214
          fire hydrant       5000        101      0.855      0.693      0.774      0.622
             stop sign       5000         75      0.669      0.627      0.678      0.616
         parking meter       5000         60      0.678      0.517      0.582      0.451
                 bench       5000        411      0.563      0.279      0.307      0.196
                  bird       5000        427      0.668       0.37      0.433      0.281
                   cat       5000        202       0.79      0.832      0.853      0.646
                   dog       5000        218      0.691      0.699      0.732      0.584
                 horse       5000        272      0.691      0.651      0.696      0.519
                 sheep       5000        354      0.621      0.681      0.678      0.465
                   cow       5000        372      0.711      0.602      0.685      0.481
              elephant       5000        252       0.72      0.845      0.821      0.625
                  bear       5000         71      0.817      0.761      0.832      0.663
                 zebra       5000        266      0.831      0.805      0.883      0.656
               giraffe       5000        232      0.872      0.832       0.89      0.688
              backpack       5000        371      0.513      0.185      0.211      0.108
              umbrella       5000        407      0.631      0.525      0.547      0.359
               handbag       5000        540      0.506      0.133      0.174     0.0849
                   tie       5000        252      0.662      0.374      0.441      0.267
              suitcase       5000        299      0.576      0.427      0.504      0.337
               frisbee       5000        115      0.724      0.757      0.767      0.578
                  skis       5000        241      0.627      0.336      0.389      0.194
             snowboard       5000         69      0.509      0.362       0.39      0.269
           sports ball       5000        260      0.696      0.446      0.483       0.33
                  kite       5000        327      0.619      0.529      0.559       0.38
          baseball bat       5000        145      0.548      0.359      0.414      0.212
        baseball glove       5000        148      0.657      0.486      0.526      0.304
            skateboard       5000        179      0.682      0.603      0.653      0.455
             surfboard       5000        267      0.646      0.476      0.516      0.312
         tennis racket       5000        225      0.713      0.606       0.67      0.397
                bottle       5000       1013      0.613      0.396      0.463      0.299
            wine glass       5000        341      0.642      0.331      0.413      0.264
                   cup       5000        895       0.57      0.447       0.49      0.346
                  fork       5000        215      0.581      0.312      0.379      0.257
                 knife       5000        325      0.451      0.159      0.169     0.0969
                 spoon       5000        253      0.424      0.138      0.167     0.0995
                  bowl       5000        623      0.586      0.498      0.534      0.395
                banana       5000        370      0.544      0.322      0.383       0.23
                 apple       5000        236       0.43      0.242      0.225      0.153
              sandwich       5000        177      0.553      0.469      0.479      0.357
                orange       5000        285      0.463      0.424      0.364      0.272
              broccoli       5000        312      0.503      0.359      0.376      0.211
                carrot       5000        365      0.461      0.298      0.314      0.194
               hot dog       5000        125      0.701        0.4      0.488      0.356
                 pizza       5000        284       0.65      0.621      0.665      0.505
                 donut       5000        328      0.594      0.494      0.522      0.416
                  cake       5000        310      0.565       0.41      0.459      0.298
                 chair       5000       1771      0.584      0.351      0.414      0.258
                 couch       5000        261      0.635      0.571      0.602      0.429
          potted plant       5000        342      0.501      0.374      0.383      0.224
                   bed       5000        163      0.574      0.562      0.607      0.443
          dining table       5000        695      0.533      0.436      0.438      0.288
                toilet       5000        179      0.716      0.732      0.784      0.642
                    tv       5000        288      0.742       0.63      0.728      0.549
                laptop       5000        231      0.691      0.662      0.704      0.579
                 mouse       5000        106      0.683       0.66      0.713      0.522
                remote       5000        283      0.443       0.23      0.292      0.167
              keyboard       5000        153      0.592      0.589      0.654      0.488
            cell phone       5000        262      0.565      0.374      0.411      0.277
             microwave       5000         55      0.666      0.564      0.629        0.5
                  oven       5000        143       0.64      0.498      0.547      0.357
               toaster       5000          9      0.577      0.222      0.422      0.304
                  sink       5000        225      0.582      0.462      0.511      0.329
          refrigerator       5000        126       0.69      0.603      0.665      0.507
                  book       5000       1129      0.486      0.126      0.204     0.0961
                 clock       5000        267      0.728      0.614      0.672       0.46
                  vase       5000        274      0.588      0.489      0.476      0.332
              scissors       5000         36      0.731      0.333      0.343      0.278
            teddy bear       5000        190      0.671      0.574      0.615       0.41
            hair drier       5000         11          1          0    0.00627     0.0044
            toothbrush       5000         57      0.466      0.211      0.228       0.14
Speed: 1.6ms pre-process, 47.2ms inference, 0.0ms loss, 1.6ms post-process per image
Saving runs/detect/val54/predictions.json...

Evaluating pycocotools mAP using runs/detect/val54/predictions.json and /media/hxzh02/SB@home/hxzh/Yolov8_Efficient/datasets/coco/annotations/instances_val2017.json...
loading annotations into memory...
Done (t=0.24s)
creating index...
index created!
Loading and preparing results...
DONE (t=3.94s)
creating index...
index created!
Running per image evaluation...
Evaluate annotation type *bbox*
DONE (t=46.51s).
Accumulating evaluation results...
DONE (t=9.09s).
 Average Precision  (AP) @[ IoU=0.50:0.95 | area=   all | maxDets=100 ] = 0.372
 Average Precision  (AP) @[ IoU=0.50      | area=   all | maxDets=100 ] = 0.532
 Average Precision  (AP) @[ IoU=0.75      | area=   all | maxDets=100 ] = 0.399
 Average Precision  (AP) @[ IoU=0.50:0.95 | area= small | maxDets=100 ] = 0.185
 Average Precision  (AP) @[ IoU=0.50:0.95 | area=medium | maxDets=100 ] = 0.409
 Average Precision  (AP) @[ IoU=0.50:0.95 | area= large | maxDets=100 ] = 0.531
 Average Recall     (AR) @[ IoU=0.50:0.95 | area=   all | maxDets=  1 ] = 0.320
 Average Recall     (AR) @[ IoU=0.50:0.95 | area=   all | maxDets= 10 ] = 0.529
 Average Recall     (AR) @[ IoU=0.50:0.95 | area=   all | maxDets=100 ] = 0.578
 Average Recall     (AR) @[ IoU=0.50:0.95 | area= small | maxDets=100 ] = 0.360
 Average Recall     (AR) @[ IoU=0.50:0.95 | area=medium | maxDets=100 ] = 0.642
 Average Recall     (AR) @[ IoU=0.50:0.95 | area= large | maxDets=100 ] = 0.752
Results saved to runs/val/exp54
data: {'path': PosixPath('/media/hxzh02/SB@home/hxzh/Yolov8_Efficient/datasets/coco'), 'train': '/media/hxzh02/SB@home/hxzh/Yolov8_Efficient/datasets/coco/train2017.txt', 'val': '/media/hxzh02/SB@home/hxzh/Yolov8_Efficient/datasets/coco/val2017.txt', 'test': '/media/hxzh02/SB@home/hxzh/Yolov8_Efficient/datasets/coco/test-dev2017.txt', 'names': {0: 'person', 1: 'bicycle', 2: 'car', 3: 'motorcycle', 4: 'airplane', 5: 'bus', 6: 'train', 7: 'truck', 8: 'boat', 9: 'traffic light', 10: 'fire hydrant', 11: 'stop sign', 12: 'parking meter', 13: 'bench', 14: 'bird', 15: 'cat', 16: 'dog', 17: 'horse', 18: 'sheep', 19: 'cow', 20: 'elephant', 21: 'bear', 22: 'zebra', 23: 'giraffe', 24: 'backpack', 25: 'umbrella', 26: 'handbag', 27: 'tie', 28: 'suitcase', 29: 'frisbee', 30: 'skis', 31: 'snowboard', 32: 'sports ball', 33: 'kite', 34: 'baseball bat', 35: 'baseball glove', 36: 'skateboard', 37: 'surfboard', 38: 'tennis racket', 39: 'bottle', 40: 'wine glass', 41: 'cup', 42: 'fork', 43: 'knife', 44: 'spoon', 45: 'bowl', 46: 'banana', 47: 'apple', 48: 'sandwich', 49: 'orange', 50: 'broccoli', 51: 'carrot', 52: 'hot dog', 53: 'pizza', 54: 'donut', 55: 'cake', 56: 'chair', 57: 'couch', 58: 'potted plant', 59: 'bed', 60: 'dining table', 61: 'toilet', 62: 'tv', 63: 'laptop', 64: 'mouse', 65: 'remote', 66: 'keyboard', 67: 'cell phone', 68: 'microwave', 69: 'oven', 70: 'toaster', 71: 'sink', 72: 'refrigerator', 73: 'book', 74: 'clock', 75: 'vase', 76: 'scissors', 77: 'teddy bear', 78: 'hair drier', 79: 'toothbrush'}, 'download': "from utils.general import download, Path\n# Download labels\nsegments = True  # segment or box labels\ndir = Path(yaml['path'])  # dataset root dir\nurl = 'https://github.com/ultralytics/yolov5/releases/download/v1.0/'\nurls = [url + ('coco2017labels-segments.zip' if segments else 'coco2017labels.zip')]  # labels\ndownload(urls, dir=dir.parent)\n# Download data\nurls = ['http://images.cocodataset.org/zips/train2017.zip',  # 19G, 118k images\n        'http://images.cocodataset.org/zips/val2017.zip',  # 1G, 5k images\n        'http://images.cocodataset.org/zips/test2017.zip']  # 7G, 41k images (optional)\ndownload(urls, dir=dir / 'images', threads=3)", 'nc': 80}
nc: 80

Process finished with exit code 0
