/home/hxzh02/Package/Anaconda3/envs/pytorch/bin/python3.7 /media/hxzh02/SB@home/hxzh/Yolov8_Efficient/val.py
val: data=data/coco.yaml, weights=weights/yolov8m.pt, save_json=True, save_hybrid=False, conf=0.001, iou=0.6, max_det=300, half=False, dnn=False, plots=True, batch_size=32, imgsz=640, task=val, device=cpu, workers=8, single_cls=False, augment=False, verbose=False, save_txt=False, save_conf=False, project=runs/val, name=exp, exist_ok=False
YOLOv8 🚀 5db4e41 Python-3.7.11 torch-1.10.0+cu111 CPU

Ultralytics YOLO 🚀 0.0.59 Python-3.7.11 torch-1.10.0+cu111 CPU
Fusing layers...
YOLOv8m summary: 218 layers, 25886080 parameters, 0 gradients, 78.9 GFLOPs
Forcing --batch-size 1 square inference (1,3,640,640) for non-PyTorch models
val: Scanning /media/hxzh02/SB@home/hxzh/Yolov8_Efficient/datasets/coco/val2017.cache... 4952 images, 48 backgrounds, 0 corrupt: 100%|██████████| 5000/5000 [00:00<?, ?it/s]
                 Class     Images  Instances      Box(P          R      mAP50  mAP50-95): 100%|██████████| 5000/5000 [15:58<00:00,  5.22it/s]
                   all       5000      36335      0.713      0.616       0.67      0.498
                person       5000      10777      0.817      0.748       0.83      0.614
               bicycle       5000        314      0.751      0.548      0.644      0.405
                   car       5000       1918      0.767      0.648      0.718      0.497
            motorcycle       5000        367      0.828      0.689      0.788      0.535
              airplane       5000        143      0.852      0.884      0.934      0.772
                   bus       5000        283      0.845      0.789      0.869       0.75
                 train       5000        190      0.871      0.874      0.935      0.761
                 truck       5000        414      0.634      0.528      0.611      0.441
                  boat       5000        424      0.729      0.488      0.584      0.331
         traffic light       5000        634      0.716      0.505      0.572      0.316
          fire hydrant       5000        101      0.904      0.851      0.902      0.742
             stop sign       5000         75      0.791       0.72      0.787      0.707
         parking meter       5000         60      0.772      0.617      0.683      0.528
                 bench       5000        411      0.642      0.411      0.457      0.325
                  bird       5000        427      0.707      0.508      0.578        0.4
                   cat       5000        202      0.873      0.901      0.934      0.778
                   dog       5000        218      0.839      0.812      0.838      0.724
                 horse       5000        272      0.837      0.805      0.896      0.702
                 sheep       5000        354      0.751      0.791      0.816      0.622
                   cow       5000        372      0.854      0.763      0.854      0.662
              elephant       5000        252      0.795      0.897      0.885      0.718
                  bear       5000         71      0.916      0.917      0.933      0.801
                 zebra       5000        266       0.86      0.861      0.932      0.764
               giraffe       5000        232      0.926      0.916      0.947      0.777
              backpack       5000        371      0.562      0.294      0.366       0.21
              umbrella       5000        407      0.706      0.649      0.706      0.492
               handbag       5000        540      0.579      0.298       0.36      0.211
                   tie       5000        252      0.791       0.54      0.614      0.407
              suitcase       5000        299      0.708      0.602      0.714      0.504
               frisbee       5000        115      0.816      0.843       0.87      0.697
                  skis       5000        241      0.699      0.483      0.542      0.319
             snowboard       5000         69      0.699      0.505       0.56      0.433
           sports ball       5000        260      0.817      0.592      0.668      0.475
                  kite       5000        327      0.662      0.615       0.67      0.485
          baseball bat       5000        145      0.712      0.607      0.684      0.444
        baseball glove       5000        148      0.739      0.612      0.692      0.443
            skateboard       5000        179      0.843      0.799      0.824       0.62
             surfboard       5000        267      0.802      0.599      0.701      0.458
         tennis racket       5000        225      0.908      0.838      0.885      0.629
                bottle       5000       1013      0.692      0.568      0.635      0.451
            wine glass       5000        341      0.733      0.548       0.65      0.437
                   cup       5000        895      0.681       0.59      0.657      0.497
                  fork       5000        215      0.685      0.595       0.66      0.486
                 knife       5000        325      0.585      0.345      0.423      0.275
                 spoon       5000        253      0.565      0.383      0.425      0.298
                  bowl       5000        623      0.641      0.591      0.636      0.486
                banana       5000        370      0.569       0.36      0.449      0.295
                 apple       5000        236      0.458      0.308       0.32      0.232
              sandwich       5000        177      0.616      0.565        0.6       0.47
                orange       5000        285      0.529      0.421      0.454      0.356
              broccoli       5000        312      0.584      0.413      0.475      0.273
                carrot       5000        365      0.449      0.386      0.382       0.25
               hot dog       5000        125      0.697      0.504      0.567      0.429
                 pizza       5000        284      0.756      0.746      0.785      0.615
                 donut       5000        328      0.665      0.585      0.654      0.524
                  cake       5000        310       0.67      0.568       0.64       0.43
                 chair       5000       1771       0.66      0.491      0.569      0.384
                 couch       5000        261      0.681      0.615      0.691      0.529
          potted plant       5000        342      0.618      0.556      0.547      0.346
                   bed       5000        163       0.68      0.652      0.729      0.528
          dining table       5000        695      0.608       0.48      0.517      0.357
                toilet       5000        179      0.788      0.799      0.859       0.71
                    tv       5000        288      0.767       0.76      0.805      0.637
                laptop       5000        231      0.754      0.766      0.822       0.71
                 mouse       5000        106      0.855      0.811      0.855      0.667
                remote       5000        283      0.682      0.537      0.599      0.392
              keyboard       5000        153      0.689       0.68       0.76      0.587
            cell phone       5000        262      0.674      0.577      0.612      0.431
             microwave       5000         55      0.727      0.836      0.827      0.693
                  oven       5000        143      0.627      0.559      0.614      0.443
               toaster       5000          9      0.596      0.778      0.689       0.48
                  sink       5000        225      0.676      0.611      0.653      0.442
          refrigerator       5000        126      0.739      0.754      0.816      0.703
                  book       5000       1129      0.579      0.191      0.307      0.172
                 clock       5000        267      0.772      0.738      0.771      0.562
                  vase       5000        274      0.628      0.616      0.624      0.448
              scissors       5000         36      0.673      0.417      0.442       0.37
            teddy bear       5000        190      0.743      0.674       0.74      0.576
            hair drier       5000         11        0.3     0.0909     0.0647     0.0437
            toothbrush       5000         57      0.592      0.491      0.485       0.35
Speed: 1.7ms pre-process, 185.6ms inference, 0.0ms loss, 0.8ms post-process per image
Saving runs/detect/val59/predictions.json...

Evaluating pycocotools mAP using runs/detect/val59/predictions.json and /media/hxzh02/SB@home/hxzh/Yolov8_Efficient/datasets/coco/annotations/instances_val2017.json...
loading annotations into memory...
Done (t=0.45s)
creating index...
index created!
Loading and preparing results...
DONE (t=2.43s)
creating index...
index created!
Running per image evaluation...
Evaluate annotation type *bbox*
DONE (t=35.22s).
Accumulating evaluation results...
DONE (t=5.71s).
 Average Precision  (AP) @[ IoU=0.50:0.95 | area=   all | maxDets=100 ] = 0.499
 Average Precision  (AP) @[ IoU=0.50      | area=   all | maxDets=100 ] = 0.674
 Average Precision  (AP) @[ IoU=0.75      | area=   all | maxDets=100 ] = 0.538
 Average Precision  (AP) @[ IoU=0.50:0.95 | area= small | maxDets=100 ] = 0.320
 Average Precision  (AP) @[ IoU=0.50:0.95 | area=medium | maxDets=100 ] = 0.553
 Average Precision  (AP) @[ IoU=0.50:0.95 | area= large | maxDets=100 ] = 0.662
 Average Recall     (AR) @[ IoU=0.50:0.95 | area=   all | maxDets=  1 ] = 0.382
 Average Recall     (AR) @[ IoU=0.50:0.95 | area=   all | maxDets= 10 ] = 0.629
 Average Recall     (AR) @[ IoU=0.50:0.95 | area=   all | maxDets=100 ] = 0.673
 Average Recall     (AR) @[ IoU=0.50:0.95 | area= small | maxDets=100 ] = 0.503
 Average Recall     (AR) @[ IoU=0.50:0.95 | area=medium | maxDets=100 ] = 0.733
 Average Recall     (AR) @[ IoU=0.50:0.95 | area= large | maxDets=100 ] = 0.822
Results saved to runs/val/exp64
data: {'path': PosixPath('/media/hxzh02/SB@home/hxzh/Yolov8_Efficient/datasets/coco'), 'train': '/media/hxzh02/SB@home/hxzh/Yolov8_Efficient/datasets/coco/train2017.txt', 'val': '/media/hxzh02/SB@home/hxzh/Yolov8_Efficient/datasets/coco/val2017.txt', 'test': '/media/hxzh02/SB@home/hxzh/Yolov8_Efficient/datasets/coco/test-dev2017.txt', 'names': {0: 'person', 1: 'bicycle', 2: 'car', 3: 'motorcycle', 4: 'airplane', 5: 'bus', 6: 'train', 7: 'truck', 8: 'boat', 9: 'traffic light', 10: 'fire hydrant', 11: 'stop sign', 12: 'parking meter', 13: 'bench', 14: 'bird', 15: 'cat', 16: 'dog', 17: 'horse', 18: 'sheep', 19: 'cow', 20: 'elephant', 21: 'bear', 22: 'zebra', 23: 'giraffe', 24: 'backpack', 25: 'umbrella', 26: 'handbag', 27: 'tie', 28: 'suitcase', 29: 'frisbee', 30: 'skis', 31: 'snowboard', 32: 'sports ball', 33: 'kite', 34: 'baseball bat', 35: 'baseball glove', 36: 'skateboard', 37: 'surfboard', 38: 'tennis racket', 39: 'bottle', 40: 'wine glass', 41: 'cup', 42: 'fork', 43: 'knife', 44: 'spoon', 45: 'bowl', 46: 'banana', 47: 'apple', 48: 'sandwich', 49: 'orange', 50: 'broccoli', 51: 'carrot', 52: 'hot dog', 53: 'pizza', 54: 'donut', 55: 'cake', 56: 'chair', 57: 'couch', 58: 'potted plant', 59: 'bed', 60: 'dining table', 61: 'toilet', 62: 'tv', 63: 'laptop', 64: 'mouse', 65: 'remote', 66: 'keyboard', 67: 'cell phone', 68: 'microwave', 69: 'oven', 70: 'toaster', 71: 'sink', 72: 'refrigerator', 73: 'book', 74: 'clock', 75: 'vase', 76: 'scissors', 77: 'teddy bear', 78: 'hair drier', 79: 'toothbrush'}, 'download': "from utils.general import download, Path\n# Download labels\nsegments = True  # segment or box labels\ndir = Path(yaml['path'])  # dataset root dir\nurl = 'https://github.com/ultralytics/yolov5/releases/download/v1.0/'\nurls = [url + ('coco2017labels-segments.zip' if segments else 'coco2017labels.zip')]  # labels\ndownload(urls, dir=dir.parent)\n# Download data\nurls = ['http://images.cocodataset.org/zips/train2017.zip',  # 19G, 118k images\n        'http://images.cocodataset.org/zips/val2017.zip',  # 1G, 5k images\n        'http://images.cocodataset.org/zips/test2017.zip']  # 7G, 41k images (optional)\ndownload(urls, dir=dir / 'images', threads=3)", 'nc': 80}
nc: 80

Process finished with exit code 0
